  Acceptor.cpp
  DebugString.cpp
g:\00_36study\jsystudio\jsy project\svr_lib\debugstring.cpp(23): warning C4244: '초기화 중': 'LRESULT'에서 'int'(으)로 변환하면서 데이터가 손실될 수 있습니다.
  Packet.cpp
g:\00_36study\jsystudio\jsy project\svr_lib\packet.cpp(103): warning C4267: '초기화 중': 'size_t'에서 'int'(으)로 변환하면서 데이터가 손실될 수 있습니다.
g:\00_36study\jsystudio\jsy project\svr_lib\packet.cpp(109): warning C4267: '초기화 중': 'size_t'에서 'int'(으)로 변환하면서 데이터가 손실될 수 있습니다.
  PacketPool.cpp
  Server.cpp
g:\00_36study\jsystudio\jsy project\svr_lib\server.cpp(11): warning C4267: '=': 'size_t'에서 'WORD'(으)로 변환하면서 데이터가 손실될 수 있습니다.
  ServerIOCP.cpp
  ServerObj.cpp
  StreamPacket.cpp
  Synchronize.cpp
  Thread.cpp
g:\00_36study\jsystudio\jsy project\svr_lib\thread.cpp(16): warning C4244: '=': 'uintptr_t'에서 'unsigned int'(으)로 변환하면서 데이터가 손실될 수 있습니다.
g:\00_36study\jsystudio\jsy project\svr_lib\thread.cpp(33): warning C4312: '형식 캐스트': 'unsigned int'에서 더 큰 'HANDLE'(으)로의 변환입니다.
  User.cpp
  WorkThread.cpp
  코드를 생성하고 있습니다...
g:\00_36study\jsystudio\jsy project\svr_lib\debugstring.cpp(65): warning C4172: 지역 변수 또는 임시: msg의 주소를 반환하고 있습니다.
g:\00_36study\jsystudio\jsy project\svr_lib\debugstring.cpp(94): warning C4172: 지역 변수 또는 임시: msg의 주소를 반환하고 있습니다.
  Svr_Lib.vcxproj -> G:\00_36Study\JSYStudio\JSY Project\x64\Debug\Svr_Lib.lib
